<?xml version="1.0" encoding="UTF-8"?>
<!-- Generated by org.testng.reporters.JUnitXMLReporter -->
<testsuite ignored="0" hostname="saravi" failures="0" tests="3" name="Default test" time="0.049" errors="0" timestamp="15 Jan 2024 07:08:32 GMT">
  <testcase classname="com.bh.iw.testcase.LoginTest" name="validLoginTest" time="0.012"/>
  <testcase classname="com.bh.iw.testcase.LoginTest" name="validInLoginTest" time="0.011"/>
  <testcase classname="com.bh.iw.testcase.LoginTest" name="validRegisterTest" time="0.008"/>
</testsuite> <!-- Default test -->
