<?xml version="1.0" encoding="UTF-8"?>
<!-- Generated by org.testng.reporters.JUnitXMLReporter -->
<testsuite ignored="0" hostname="saravi" failures="0" tests="3" name="Test" time="0.042" errors="0" timestamp="15 Jan 2024 07:06:19 GMT">
  <testcase classname="com.bh.iw.testcase.LoginTest" name="validInLoginTest" time="0.007"/>
  <testcase classname="com.bh.iw.testcase.LoginTest" name="validRegisterTest" time="0.016"/>
  <testcase classname="com.bh.iw.testcase.LoginTest" name="validLoginTest" time="0.018"/>
</testsuite> <!-- Test -->
